e:\idle\inner\sndh_dll\release\sndh_dll.pch
e:\idle\inner\sndh_dll\release\vc143.pdb
e:\idle\inner\sndh_dll\release\pch.obj
e:\idle\inner\sndh_dll\release\ym2149c.obj
e:\idle\inner\sndh_dll\release\stedac.obj
e:\idle\inner\sndh_dll\release\sndhfile.obj
e:\idle\inner\sndh_dll\release\mk68901.obj
e:\idle\inner\sndh_dll\release\atarimachine.obj
e:\idle\inner\sndh_dll\release\m68kops.obj
e:\idle\inner\sndh_dll\release\m68kcpu.obj
e:\idle\inner\sndh_dll\release\ice_24.obj
e:\idle\inner\sndh_dll\release\dllmain.obj
e:\idle\inner\sndh_dll\release\sndh_dll.dll
e:\idle\inner\sndh_dll\release\sndh_dll.pdb
e:\idle\inner\sndh_dll\release\sndh_dll.lib
e:\idle\inner\sndh_dll\release\sndh_dll.exp
e:\idle\inner\sndh_dll\release\sndh_dll.ipdb
e:\idle\inner\sndh_dll\release\sndh_dll.iobj
e:\idle\inner\sndh_dll\release\sndh_dll.tlog\cl.command.1.tlog
e:\idle\inner\sndh_dll\release\sndh_dll.tlog\cl.read.1.tlog
e:\idle\inner\sndh_dll\release\sndh_dll.tlog\cl.write.1.tlog
e:\idle\inner\sndh_dll\release\sndh_dll.tlog\link.command.1.tlog
e:\idle\inner\sndh_dll\release\sndh_dll.tlog\link.read.1.tlog
e:\idle\inner\sndh_dll\release\sndh_dll.tlog\link.write.1.tlog
e:\idle\inner\sndh_dll\release\sndh_dll.tlog\sndh_dll.write.1u.tlog
